  ConsoleApplication1.cpp
D:\moectf2023\ConsoleApplication1\ConsoleApplication1\ConsoleApplication1.cpp(11,5): error C4235: 使用了非标准扩展: 不支持在此结构上使用“__asm”关键字
D:\moectf2023\ConsoleApplication1\ConsoleApplication1\ConsoleApplication1.cpp(12,9): error C2065: “test”: 未声明的标识符
D:\moectf2023\ConsoleApplication1\ConsoleApplication1\ConsoleApplication1.cpp(12,14): error C2146: 语法错误: 缺少“;”(在标识符“eax”的前面)
D:\moectf2023\ConsoleApplication1\ConsoleApplication1\ConsoleApplication1.cpp(12,14): error C2065: “eax”: 未声明的标识符
D:\moectf2023\ConsoleApplication1\ConsoleApplication1\ConsoleApplication1.cpp(12,19): error C2065: “eax”: 未声明的标识符
D:\moectf2023\ConsoleApplication1\ConsoleApplication1\ConsoleApplication1.cpp(13,9): error C2146: 语法错误: 缺少“;”(在标识符“_emit”的前面)
D:\moectf2023\ConsoleApplication1\ConsoleApplication1\ConsoleApplication1.cpp(13,9): error C2065: “_emit”: 未声明的标识符
D:\moectf2023\ConsoleApplication1\ConsoleApplication1\ConsoleApplication1.cpp(13,15): error C2143: 语法错误: 缺少“;”(在“常数”的前面)
D:\moectf2023\ConsoleApplication1\ConsoleApplication1\ConsoleApplication1.cpp(14,9): error C2146: 语法错误: 缺少“;”(在标识符“_emit”的前面)
D:\moectf2023\ConsoleApplication1\ConsoleApplication1\ConsoleApplication1.cpp(14,9): error C2065: “_emit”: 未声明的标识符
D:\moectf2023\ConsoleApplication1\ConsoleApplication1\ConsoleApplication1.cpp(14,15): error C2143: 语法错误: 缺少“;”(在“常数”的前面)
D:\moectf2023\ConsoleApplication1\ConsoleApplication1\ConsoleApplication1.cpp(15,9): error C2146: 语法错误: 缺少“;”(在标识符“_emit”的前面)
D:\moectf2023\ConsoleApplication1\ConsoleApplication1\ConsoleApplication1.cpp(15,9): error C2065: “_emit”: 未声明的标识符
D:\moectf2023\ConsoleApplication1\ConsoleApplication1\ConsoleApplication1.cpp(15,15): error C2143: 语法错误: 缺少“;”(在“常数”的前面)
D:\moectf2023\ConsoleApplication1\ConsoleApplication1\ConsoleApplication1.cpp(16,5): error C2143: 语法错误: 缺少“;”(在“}”的前面)
D:\moectf2023\ConsoleApplication1\ConsoleApplication1\ConsoleApplication1.cpp(41,5): error C4235: 使用了非标准扩展: 不支持在此结构上使用“__asm”关键字
D:\moectf2023\ConsoleApplication1\ConsoleApplication1\ConsoleApplication1.cpp(42,9): error C2065: “_emit”: 未声明的标识符
D:\moectf2023\ConsoleApplication1\ConsoleApplication1\ConsoleApplication1.cpp(42,15): error C2143: 语法错误: 缺少“;”(在“常数”的前面)
D:\moectf2023\ConsoleApplication1\ConsoleApplication1\ConsoleApplication1.cpp(43,9): error C2146: 语法错误: 缺少“;”(在标识符“_emit”的前面)
D:\moectf2023\ConsoleApplication1\ConsoleApplication1\ConsoleApplication1.cpp(43,9): error C2065: “_emit”: 未声明的标识符
D:\moectf2023\ConsoleApplication1\ConsoleApplication1\ConsoleApplication1.cpp(43,15): error C2143: 语法错误: 缺少“;”(在“常数”的前面)
D:\moectf2023\ConsoleApplication1\ConsoleApplication1\ConsoleApplication1.cpp(44,9): error C2146: 语法错误: 缺少“;”(在标识符“_emit”的前面)
D:\moectf2023\ConsoleApplication1\ConsoleApplication1\ConsoleApplication1.cpp(44,9): error C2065: “_emit”: 未声明的标识符
D:\moectf2023\ConsoleApplication1\ConsoleApplication1\ConsoleApplication1.cpp(44,15): error C2143: 语法错误: 缺少“;”(在“常数”的前面)
D:\moectf2023\ConsoleApplication1\ConsoleApplication1\ConsoleApplication1.cpp(45,9): error C2146: 语法错误: 缺少“;”(在标识符“_emit”的前面)
D:\moectf2023\ConsoleApplication1\ConsoleApplication1\ConsoleApplication1.cpp(45,9): error C2065: “_emit”: 未声明的标识符
D:\moectf2023\ConsoleApplication1\ConsoleApplication1\ConsoleApplication1.cpp(45,15): error C2143: 语法错误: 缺少“;”(在“常数”的前面)
D:\moectf2023\ConsoleApplication1\ConsoleApplication1\ConsoleApplication1.cpp(46,9): error C2146: 语法错误: 缺少“;”(在标识符“_emit”的前面)
D:\moectf2023\ConsoleApplication1\ConsoleApplication1\ConsoleApplication1.cpp(46,9): error C2065: “_emit”: 未声明的标识符
D:\moectf2023\ConsoleApplication1\ConsoleApplication1\ConsoleApplication1.cpp(46,15): error C2143: 语法错误: 缺少“;”(在“常数”的前面)
D:\moectf2023\ConsoleApplication1\ConsoleApplication1\ConsoleApplication1.cpp(48,5): error C2143: 语法错误: 缺少“;”(在“}”的前面)
D:\moectf2023\ConsoleApplication1\ConsoleApplication1\ConsoleApplication1.cpp(69,32): warning C4267: “初始化”: 从“size_t”转换到“int”，可能丢失数据
